23:03:20.031 [main] DEBUG api.test.UserTests - debugging.....
23:03:20.037 [main] INFO  api.test.UserTests - ********** Creating user  ***************
23:03:22.336 [main] INFO  api.test.UserTests - **********User is creatged  ***************
23:03:22.342 [main] INFO  api.test.UserTests - ********** Reading User Info ***************
23:03:23.618 [main] INFO  api.test.UserTests - **********User info  is displayed ***************
23:03:23.621 [main] INFO  api.test.UserTests - ********** Updating User ***************
23:03:26.009 [main] INFO  api.test.UserTests - ********** User updated ***************
23:03:26.013 [main] INFO  api.test.UserTests - **********   Deleting User  ***************
23:03:27.292 [main] INFO  api.test.UserTests - ********** User deleted ***************
23:04:14.547 [main] DEBUG api.test.UserTests - debugging.....
23:04:14.554 [main] INFO  api.test.UserTests - ********** Creating user  ***************
23:04:16.785 [main] INFO  api.test.UserTests - **********User is creatged  ***************
23:04:16.792 [main] INFO  api.test.UserTests - ********** Reading User Info ***************
23:04:18.239 [main] INFO  api.test.UserTests - **********User info  is displayed ***************
23:04:18.243 [main] INFO  api.test.UserTests - ********** Updating User ***************
23:04:20.836 [main] INFO  api.test.UserTests - ********** User updated ***************
23:04:20.839 [main] INFO  api.test.UserTests - **********   Deleting User  ***************
23:04:22.141 [main] INFO  api.test.UserTests - ********** User deleted ***************
10:39:23.727 [main] DEBUG api.test.UserTests - debugging.....
10:39:23.734 [main] INFO  api.test.UserTests - ********** Creating user  ***************
10:39:27.708 [main] INFO  api.test.UserTests - **********User is creatged  ***************
10:39:27.714 [main] INFO  api.test.UserTests - ********** Reading User Info ***************
10:39:29.297 [main] INFO  api.test.UserTests - **********User info  is displayed ***************
10:39:29.300 [main] INFO  api.test.UserTests - ********** Updating User ***************
10:39:32.261 [main] INFO  api.test.UserTests - ********** User updated ***************
10:39:32.266 [main] INFO  api.test.UserTests - **********   Deleting User  ***************
10:39:33.798 [main] INFO  api.test.UserTests - ********** User deleted ***************
10:42:44.216 [main] DEBUG api.test.UserTests2 - debugging.....
10:42:44.223 [main] INFO  api.test.UserTests2 - ********** Creating user  ***************
10:42:47.596 [main] INFO  api.test.UserTests2 - **********User is creatged  ***************
10:42:47.603 [main] INFO  api.test.UserTests2 - ********** Reading User Info ***************
10:42:49.184 [main] INFO  api.test.UserTests2 - **********User info  is displayed ***************
10:42:49.191 [main] INFO  api.test.UserTests2 - ********** Updating User ***************
10:42:52.151 [main] INFO  api.test.UserTests2 - ********** User updated ***************
10:42:52.154 [main] INFO  api.test.UserTests2 - **********   Deleting User  ***************
10:42:53.685 [main] INFO  api.test.UserTests2 - ********** User deleted ***************
10:44:25.979 [main] DEBUG api.test.UserTests2 - debugging.....
10:44:25.985 [main] INFO  api.test.UserTests2 - ********** Creating user  ***************
10:44:25.995 [main] INFO  api.test.UserTests2 - ********** Reading User Info ***************
10:44:25.998 [main] INFO  api.test.UserTests2 - ********** Updating User ***************
10:44:26.000 [main] INFO  api.test.UserTests2 - **********   Deleting User  ***************
10:45:02.479 [main] DEBUG api.test.UserTests2 - debugging.....
10:45:02.485 [main] INFO  api.test.UserTests2 - ********** Creating user  ***************
10:45:05.836 [main] INFO  api.test.UserTests2 - **********User is creatged  ***************
10:45:05.842 [main] INFO  api.test.UserTests2 - ********** Reading User Info ***************
10:45:07.144 [main] INFO  api.test.UserTests2 - **********User info  is displayed ***************
10:45:07.146 [main] INFO  api.test.UserTests2 - ********** Updating User ***************
10:45:09.779 [main] INFO  api.test.UserTests2 - ********** User updated ***************
10:45:09.784 [main] INFO  api.test.UserTests2 - **********   Deleting User  ***************
10:45:11.213 [main] INFO  api.test.UserTests2 - ********** User deleted ***************
11:09:59.099 [main] DEBUG api.test.UserTests2 - debugging.....
11:09:59.107 [main] INFO  api.test.UserTests2 - ********** Creating user  ***************
11:10:01.398 [main] INFO  api.test.UserTests2 - **********User is creatged  ***************
11:10:01.404 [main] INFO  api.test.UserTests2 - ********** Reading User Info ***************
11:10:02.569 [main] INFO  api.test.UserTests2 - **********User info  is displayed ***************
11:10:02.572 [main] INFO  api.test.UserTests2 - ********** Updating User ***************
11:10:04.834 [main] INFO  api.test.UserTests2 - ********** User updated ***************
11:10:04.839 [main] INFO  api.test.UserTests2 - **********   Deleting User  ***************
11:10:05.963 [main] INFO  api.test.UserTests2 - ********** User deleted ***************
11:10:53.227 [main] DEBUG api.test.UserTests2 - debugging.....
11:10:53.234 [main] INFO  api.test.UserTests2 - ********** Creating user  ***************
11:10:55.422 [main] INFO  api.test.UserTests2 - **********User is creatged  ***************
11:10:55.428 [main] INFO  api.test.UserTests2 - ********** Reading User Info ***************
11:10:56.617 [main] INFO  api.test.UserTests2 - **********User info  is displayed ***************
11:10:56.620 [main] INFO  api.test.UserTests2 - ********** Updating User ***************
11:10:58.942 [main] INFO  api.test.UserTests2 - ********** User updated ***************
11:10:58.946 [main] INFO  api.test.UserTests2 - **********   Deleting User  ***************
11:11:00.273 [main] INFO  api.test.UserTests2 - ********** User deleted ***************
11:11:24.926 [main] DEBUG api.test.UserTests2 - debugging.....
11:11:24.933 [main] INFO  api.test.UserTests2 - ********** Creating user  ***************
11:11:27.087 [main] INFO  api.test.UserTests2 - **********User is creatged  ***************
11:11:27.093 [main] INFO  api.test.UserTests2 - ********** Reading User Info ***************
11:11:28.251 [main] INFO  api.test.UserTests2 - **********User info  is displayed ***************
11:11:28.254 [main] INFO  api.test.UserTests2 - ********** Updating User ***************
11:11:30.555 [main] INFO  api.test.UserTests2 - ********** User updated ***************
11:11:30.558 [main] INFO  api.test.UserTests2 - **********   Deleting User  ***************
11:11:31.642 [main] INFO  api.test.UserTests2 - ********** User deleted ***************
11:28:57.094 [main] DEBUG api.test.UserTests2 - debugging.....
11:28:57.102 [main] INFO  api.test.UserTests2 - ********** Creating user  ***************
11:28:59.626 [main] INFO  api.test.UserTests2 - **********User is creatged  ***************
11:28:59.632 [main] INFO  api.test.UserTests2 - ********** Reading User Info ***************
11:29:00.818 [main] INFO  api.test.UserTests2 - **********User info  is displayed ***************
11:29:00.820 [main] INFO  api.test.UserTests2 - ********** Updating User ***************
11:29:03.278 [main] INFO  api.test.UserTests2 - ********** User updated ***************
11:29:03.281 [main] INFO  api.test.UserTests2 - **********   Deleting User  ***************
11:29:04.592 [main] INFO  api.test.UserTests2 - ********** User deleted ***************
11:29:29.840 [main] DEBUG api.test.UserTests2 - debugging.....
11:29:29.846 [main] INFO  api.test.UserTests2 - ********** Creating user  ***************
11:29:32.393 [main] INFO  api.test.UserTests2 - **********User is creatged  ***************
11:29:32.399 [main] INFO  api.test.UserTests2 - ********** Reading User Info ***************
11:29:33.986 [main] INFO  api.test.UserTests2 - **********User info  is displayed ***************
11:29:33.989 [main] INFO  api.test.UserTests2 - ********** Updating User ***************
11:29:37.055 [main] INFO  api.test.UserTests2 - ********** User updated ***************
11:29:37.059 [main] INFO  api.test.UserTests2 - **********   Deleting User  ***************
11:29:38.399 [main] INFO  api.test.UserTests2 - ********** User deleted ***************
